2021-10-05 19:32:32.994  INFO 19068 --- [restartedMain] com.jc.sgtasec.SgtasecApplication        : Starting SgtasecApplication using Java 1.8.0_212 on clarochile_0666 with PID 19068 (D:\sgtasec\target\classes started by jose.cuzmar in D:\sgtasec)
2021-10-05 19:32:33.001  INFO 19068 --- [restartedMain] com.jc.sgtasec.SgtasecApplication        : No active profile set, falling back to default profiles: default
2021-10-05 19:32:53.000  INFO 19068 --- [restartedMain] com.jc.sgtasec.SgtasecApplication        : Started SgtasecApplication in 20.93 seconds (JVM running for 22.265)
2021-10-05 19:33:52.004  INFO 19068 --- [restartedMain] com.jc.sgtasec.SgtasecApplication        : Starting SgtasecApplication using Java 1.8.0_212 on clarochile_0666 with PID 19068 (D:\sgtasec\target\classes started by jose.cuzmar in D:\sgtasec)
2021-10-05 19:33:52.005  INFO 19068 --- [restartedMain] com.jc.sgtasec.SgtasecApplication        : No active profile set, falling back to default profiles: default
2021-10-05 19:33:57.072  INFO 19068 --- [restartedMain] com.jc.sgtasec.SgtasecApplication        : Started SgtasecApplication in 5.122 seconds (JVM running for 86.335)
2021-10-05 19:34:17.228  INFO 19068 --- [restartedMain] com.jc.sgtasec.SgtasecApplication        : Starting SgtasecApplication using Java 1.8.0_212 on clarochile_0666 with PID 19068 (D:\sgtasec\target\classes started by jose.cuzmar in D:\sgtasec)
2021-10-05 19:34:17.229  INFO 19068 --- [restartedMain] com.jc.sgtasec.SgtasecApplication        : No active profile set, falling back to default profiles: default
2021-10-05 19:34:21.833  INFO 19068 --- [restartedMain] com.jc.sgtasec.SgtasecApplication        : Started SgtasecApplication in 4.656 seconds (JVM running for 111.097)
2021-10-05 19:34:50.126  INFO 19068 --- [restartedMain] com.jc.sgtasec.SgtasecApplication        : Starting SgtasecApplication using Java 1.8.0_212 on clarochile_0666 with PID 19068 (D:\sgtasec\target\classes started by jose.cuzmar in D:\sgtasec)
2021-10-05 19:34:50.127  INFO 19068 --- [restartedMain] com.jc.sgtasec.SgtasecApplication        : No active profile set, falling back to default profiles: default
2021-10-05 19:34:54.841  INFO 19068 --- [restartedMain] com.jc.sgtasec.SgtasecApplication        : Started SgtasecApplication in 4.765 seconds (JVM running for 144.106)
2021-10-05 19:34:57.186  INFO 19068 --- [restartedMain] com.jc.sgtasec.SgtasecApplication        : Starting SgtasecApplication using Java 1.8.0_212 on clarochile_0666 with PID 19068 (D:\sgtasec\target\classes started by jose.cuzmar in D:\sgtasec)
2021-10-05 19:34:57.187  INFO 19068 --- [restartedMain] com.jc.sgtasec.SgtasecApplication        : No active profile set, falling back to default profiles: default
2021-10-05 19:35:01.392  INFO 19068 --- [restartedMain] com.jc.sgtasec.SgtasecApplication        : Started SgtasecApplication in 4.245 seconds (JVM running for 150.656)
2021-10-05 19:35:16.993  INFO 19068 --- [http-nio-8080-exec-5] com.jc.sgtasec.web.MainController        : Ingreso a pagina index 
2021-10-05 19:35:20.951  INFO 19068 --- [http-nio-8080-exec-10] c.jc.sgtasec.service.LlamadaServiceImpl  : Usuario: julio234@mailinator.com
2021-10-05 19:35:20.952  INFO 19068 --- [http-nio-8080-exec-10] c.jc.sgtasec.service.LlamadaServiceImpl  : saveLlamada(Llamada llamada): Llamada(id=null, usuario=Usuario(id=2, nombre=JULIO, apellidoPaterno=b, apellidoMaterno=b, email=julio234@mailinator.com, password=$2a$10$SCuacZmu4KuIHFXdm3m1keW11csMLLiAIuhQ89RNuYOA2aaSCkhr2, rut=1000011-4, roles=[Rol(id=2, name=USER_ROLE)]), atencion=Atencion(id=108, turno=Turno(id=64351, turnoAtencion=A-01, estado=1), cliente=Cliente(id=1311, nombre=PEDRO, apellidoPaterno=CARRASCO, apellidoMaterno=CABRERA, email=pedro@mail.com, rut=1000000-9), tipoAtencion=TipoAtencion(id=656, nombre=Solicitar certificado 1, tiempoAtencion=10), contadorLlamados=0, fechaCreacion=2021-10-05T19:22:31.157, fechaCreacionLlamada=null), fechaCreacion=2021-10-05T19:35:20.680)
2021-10-05 19:35:24.929  INFO 19068 --- [http-nio-8080-exec-3] c.j.sgtasec.service.AtencionServiceImpl  : Usuario: julio234@mailinator.com
2021-10-05 19:35:24.930  INFO 19068 --- [http-nio-8080-exec-3] c.j.sgtasec.service.AtencionServiceImpl  : deleteAtencionById(Long id) 108
